<?xml version="1.0" encoding="UTF-8"?>
<!-- Generated by org.testng.reporters.JUnitReportReporter -->
<testsuite hostname="FUJITSU-PC" name="temp.ReportTest" tests="3" failures="0" timestamp="23 Sep 2016 03:40:22 GMT" time="54.148" errors="0">
  <testcase name="googleTest" time="23.380" classname="temp.ReportTest"/>
  <testcase name="yahooTest" time="24.107" classname="temp.ReportTest"/>
  <testcase name="bingTest" time="6.661" classname="temp.ReportTest"/>
</testsuite> <!-- temp.ReportTest -->
