<?xml version="1.0" encoding="UTF-8"?>
<!-- Generated by org.testng.reporters.JUnitReportReporter -->
<testsuite hostname="FUJITSU-PC" name="com.vmetry.ntltaxi.initializer.Initializer" tests="1" failures="0" timestamp="21 Sep 2016 03:27:43 GMT" time="0.024" errors="0">
  <testcase name="initialize" time="0.024" classname="com.vmetry.ntltaxi.initializer.Initializer"/>
</testsuite> <!-- com.vmetry.ntltaxi.initializer.Initializer -->
