<?xml version="1.0" encoding="UTF-8"?>
<!-- Generated by org.testng.reporters.JUnitReportReporter -->
<testsuite hostname="FUJITSU-PC" name="com.vmetry.ntltaxi.utils.ReportOptimiser" tests="1" failures="0" timestamp="26 Sep 2016 04:38:27 GMT" time="0.074" errors="0">
  <testcase name="archiveFiles" time="0.074" classname="com.vmetry.ntltaxi.utils.ReportOptimiser"/>
</testsuite> <!-- com.vmetry.ntltaxi.utils.ReportOptimiser -->
